2022-02-10 13:20:31.087  INFO 11988 --- [main] com.irichie.apples.ApplesApplication     : Starting ApplesApplication using Java 17 on RICHIE-PC with PID 11988 (C:\Users\oboti\Documents\IT\iRichie\Baby-Steps\java-ee\apples\target\classes started by oboti in C:\Users\oboti\Documents\IT\iRichie\Baby-Steps\java-ee\apples)
2022-02-10 13:20:31.097  INFO 11988 --- [main] com.irichie.apples.ApplesApplication     : No active profile set, falling back to default profiles: default
2022-02-10 13:20:34.318  INFO 11988 --- [main] .s.d.r.c.RepositoryConfigurationDelegate : Bootstrapping Spring Data JPA repositories in DEFAULT mode.
2022-02-10 13:20:34.546  INFO 11988 --- [main] .s.d.r.c.RepositoryConfigurationDelegate : Finished Spring Data repository scanning in 205 ms. Found 4 JPA repository interfaces.
2022-02-10 13:20:36.203  INFO 11988 --- [main] o.s.b.w.embedded.tomcat.TomcatWebServer  : Tomcat initialized with port(s): 8080 (http)
2022-02-10 13:20:36.248  INFO 11988 --- [main] o.apache.catalina.core.StandardService   : Starting service [Tomcat]
2022-02-10 13:20:36.255  INFO 11988 --- [main] org.apache.catalina.core.StandardEngine  : Starting Servlet engine: [Apache Tomcat/9.0.56]
2022-02-10 13:20:36.624  INFO 11988 --- [main] o.a.c.c.C.[Tomcat].[localhost].[/]       : Initializing Spring embedded WebApplicationContext
2022-02-10 13:20:36.632  INFO 11988 --- [main] w.s.c.ServletWebServerApplicationContext : Root WebApplicationContext: initialization completed in 5396 ms
2022-02-10 13:20:37.168  INFO 11988 --- [main] o.hibernate.jpa.internal.util.LogHelper  : HHH000204: Processing PersistenceUnitInfo [name: default]
2022-02-10 13:20:37.408  INFO 11988 --- [main] org.hibernate.Version                    : HHH000412: Hibernate ORM core version 5.4.33
2022-02-10 13:20:37.949  INFO 11988 --- [main] o.hibernate.annotations.common.Version   : HCANN000001: Hibernate Commons Annotations {5.1.2.Final}
2022-02-10 13:20:38.260  INFO 11988 --- [main] com.zaxxer.hikari.HikariDataSource       : HikariPool-1 - Starting...
2022-02-10 13:20:38.658  INFO 11988 --- [main] com.zaxxer.hikari.HikariDataSource       : HikariPool-1 - Start completed.
2022-02-10 13:20:38.743  INFO 11988 --- [main] org.hibernate.dialect.Dialect            : HHH000400: Using dialect: org.hibernate.dialect.H2Dialect
2022-02-10 13:20:40.469  INFO 11988 --- [main] o.h.e.t.j.p.i.JtaPlatformInitiator       : HHH000490: Using JtaPlatform implementation: [org.hibernate.engine.transaction.jta.platform.internal.NoJtaPlatform]
2022-02-10 13:20:40.482  INFO 11988 --- [main] j.LocalContainerEntityManagerFactoryBean : Initialized JPA EntityManagerFactory for persistence unit 'default'
2022-02-10 13:20:41.354  WARN 11988 --- [main] JpaBaseConfiguration$JpaWebConfiguration : spring.jpa.open-in-view is enabled by default. Therefore, database queries may be performed during view rendering. Explicitly configure spring.jpa.open-in-view to disable this warning
2022-02-10 13:20:42.715  INFO 11988 --- [main] o.s.s.web.DefaultSecurityFilterChain     : Will secure any request with [org.springframework.security.web.context.request.async.WebAsyncManagerIntegrationFilter@642614b7, org.springframework.security.web.context.SecurityContextPersistenceFilter@3a45308f, org.springframework.security.web.header.HeaderWriterFilter@4ae6451d, org.springframework.web.filter.CorsFilter@345540f9, org.springframework.security.web.authentication.logout.LogoutFilter@53a16dd6, com.irichie.apples.security.JWTAuthenticationFilter@37344d31, com.irichie.apples.security.JWTAuthenticationVerificationFilter@44a98a23, org.springframework.security.web.savedrequest.RequestCacheAwareFilter@3cc817bd, org.springframework.security.web.servletapi.SecurityContextHolderAwareRequestFilter@66130c3b, org.springframework.security.web.authentication.AnonymousAuthenticationFilter@107ebdad, org.springframework.security.web.session.SessionManagementFilter@54530644, org.springframework.security.web.access.ExceptionTranslationFilter@67cd84f9, org.springframework.security.web.access.intercept.FilterSecurityInterceptor@4c24c40a]
2022-02-10 13:20:43.450  INFO 11988 --- [main] o.s.b.w.embedded.tomcat.TomcatWebServer  : Tomcat started on port(s): 8080 (http) with context path ''
2022-02-10 13:20:43.482  INFO 11988 --- [main] com.irichie.apples.ApplesApplication     : Started ApplesApplication in 13.786 seconds (JVM running for 16.583)
2022-02-10 13:21:45.790  INFO 11988 --- [http-nio-8080-exec-2] o.a.c.c.C.[Tomcat].[localhost].[/]       : Initializing Spring DispatcherServlet 'dispatcherServlet'
2022-02-10 13:21:45.791  INFO 11988 --- [http-nio-8080-exec-2] o.s.web.servlet.DispatcherServlet        : Initializing Servlet 'dispatcherServlet'
2022-02-10 13:21:45.794  INFO 11988 --- [http-nio-8080-exec-2] o.s.web.servlet.DispatcherServlet        : Completed initialization in 2 ms
2022-02-10 13:21:46.113 ERROR 11988 --- [http-nio-8080-exec-2] com.irichie.apples.user.UserController   : Invalid password
2022-02-10 13:21:46.113 ERROR 11988 --- [http-nio-8080-exec-2] com.irichie.apples.user.UserController   : Imoh account creation failed. Bad request
2022-02-10 13:26:18.350  INFO 11988 --- [SpringApplicationShutdownHook] j.LocalContainerEntityManagerFactoryBean : Closing JPA EntityManagerFactory for persistence unit 'default'
2022-02-10 13:26:18.354  INFO 11988 --- [SpringApplicationShutdownHook] com.zaxxer.hikari.HikariDataSource       : HikariPool-1 - Shutdown initiated...
2022-02-10 13:26:18.361  INFO 11988 --- [SpringApplicationShutdownHook] com.zaxxer.hikari.HikariDataSource       : HikariPool-1 - Shutdown completed.
2022-02-10 15:38:53.582  INFO 18456 --- [main] com.irichie.apples.ApplesApplication     : Starting ApplesApplication using Java 17 on RICHIE-PC with PID 18456 (C:\Users\oboti\Documents\IT\iRichie\Baby-Steps\java-ee\apples\target\classes started by oboti in C:\Users\oboti\Documents\IT\iRichie\Baby-Steps\java-ee\apples)
2022-02-10 15:38:53.618  INFO 18456 --- [main] com.irichie.apples.ApplesApplication     : No active profile set, falling back to default profiles: default
2022-02-10 15:38:56.229  INFO 18456 --- [main] .s.d.r.c.RepositoryConfigurationDelegate : Bootstrapping Spring Data JPA repositories in DEFAULT mode.
2022-02-10 15:38:56.501  INFO 18456 --- [main] .s.d.r.c.RepositoryConfigurationDelegate : Finished Spring Data repository scanning in 241 ms. Found 4 JPA repository interfaces.
2022-02-10 15:38:58.649  INFO 18456 --- [main] o.s.b.w.embedded.tomcat.TomcatWebServer  : Tomcat initialized with port(s): 8080 (http)
2022-02-10 15:38:58.671  INFO 18456 --- [main] o.apache.catalina.core.StandardService   : Starting service [Tomcat]
2022-02-10 15:38:58.672  INFO 18456 --- [main] org.apache.catalina.core.StandardEngine  : Starting Servlet engine: [Apache Tomcat/9.0.56]
2022-02-10 15:38:58.947  INFO 18456 --- [main] o.a.c.c.C.[Tomcat].[localhost].[/]       : Initializing Spring embedded WebApplicationContext
2022-02-10 15:38:58.948  INFO 18456 --- [main] w.s.c.ServletWebServerApplicationContext : Root WebApplicationContext: initialization completed in 5179 ms
2022-02-10 15:38:59.764  INFO 18456 --- [main] o.hibernate.jpa.internal.util.LogHelper  : HHH000204: Processing PersistenceUnitInfo [name: default]
2022-02-10 15:38:59.971  INFO 18456 --- [main] org.hibernate.Version                    : HHH000412: Hibernate ORM core version 5.4.33
2022-02-10 15:39:00.579  INFO 18456 --- [main] o.hibernate.annotations.common.Version   : HCANN000001: Hibernate Commons Annotations {5.1.2.Final}
2022-02-10 15:39:00.970  INFO 18456 --- [main] com.zaxxer.hikari.HikariDataSource       : HikariPool-1 - Starting...
2022-02-10 15:39:01.613  INFO 18456 --- [main] com.zaxxer.hikari.HikariDataSource       : HikariPool-1 - Start completed.
2022-02-10 15:39:01.689  INFO 18456 --- [main] org.hibernate.dialect.Dialect            : HHH000400: Using dialect: org.hibernate.dialect.H2Dialect
2022-02-10 15:39:04.072  INFO 18456 --- [main] o.h.e.t.j.p.i.JtaPlatformInitiator       : HHH000490: Using JtaPlatform implementation: [org.hibernate.engine.transaction.jta.platform.internal.NoJtaPlatform]
2022-02-10 15:39:04.088  INFO 18456 --- [main] j.LocalContainerEntityManagerFactoryBean : Initialized JPA EntityManagerFactory for persistence unit 'default'
2022-02-10 15:39:06.380  WARN 18456 --- [main] JpaBaseConfiguration$JpaWebConfiguration : spring.jpa.open-in-view is enabled by default. Therefore, database queries may be performed during view rendering. Explicitly configure spring.jpa.open-in-view to disable this warning
2022-02-10 15:39:11.245  INFO 18456 --- [main] o.s.s.web.DefaultSecurityFilterChain     : Will secure any request with [org.springframework.security.web.context.request.async.WebAsyncManagerIntegrationFilter@3e18e693, org.springframework.security.web.context.SecurityContextPersistenceFilter@67cd84f9, org.springframework.security.web.header.HeaderWriterFilter@12eaa2cd, org.springframework.web.filter.CorsFilter@3d12f065, org.springframework.security.web.authentication.logout.LogoutFilter@3d73cd78, com.irichie.apples.security.JWTAuthenticationFilter@57fc6759, com.irichie.apples.security.JWTAuthenticationVerificationFilter@33a7331, org.springframework.security.web.savedrequest.RequestCacheAwareFilter@4ae6451d, org.springframework.security.web.servletapi.SecurityContextHolderAwareRequestFilter@776a7ec6, org.springframework.security.web.authentication.AnonymousAuthenticationFilter@7aef21bb, org.springframework.security.web.session.SessionManagementFilter@2b06681c, org.springframework.security.web.access.ExceptionTranslationFilter@5c34b0f2, org.springframework.security.web.access.intercept.FilterSecurityInterceptor@6cb43fd3]
2022-02-10 15:39:12.610  INFO 18456 --- [main] o.s.b.w.embedded.tomcat.TomcatWebServer  : Tomcat started on port(s): 8080 (http) with context path ''
2022-02-10 15:39:12.692  INFO 18456 --- [main] com.irichie.apples.ApplesApplication     : Started ApplesApplication in 21.051 seconds (JVM running for 25.216)
2022-02-10 15:39:15.383  INFO 18456 --- [http-nio-8080-exec-1] o.a.c.c.C.[Tomcat].[localhost].[/]       : Initializing Spring DispatcherServlet 'dispatcherServlet'
2022-02-10 15:39:15.383  INFO 18456 --- [http-nio-8080-exec-1] o.s.web.servlet.DispatcherServlet        : Initializing Servlet 'dispatcherServlet'
2022-02-10 15:39:15.388  INFO 18456 --- [http-nio-8080-exec-1] o.s.web.servlet.DispatcherServlet        : Completed initialization in 5 ms
2022-02-10 15:39:16.028 ERROR 18456 --- [http-nio-8080-exec-1] com.irichie.apples.user.UserController   : Invalid password
2022-02-10 15:39:16.028 ERROR 18456 --- [http-nio-8080-exec-1] com.irichie.apples.user.UserController   : Imoh account creation failed. Bad request
2022-02-10 15:51:16.432 ERROR 18456 --- [http-nio-8080-exec-4] com.irichie.apples.user.UserController   : Invalid password
2022-02-10 15:51:16.432 ERROR 18456 --- [http-nio-8080-exec-4] com.irichie.apples.user.UserController   : Imoh account creation failed. Bad request
2022-02-10 15:52:16.175 ERROR 18456 --- [http-nio-8080-exec-6] com.irichie.apples.user.UserController   : Invalid password
2022-02-10 15:52:16.175 ERROR 18456 --- [http-nio-8080-exec-6] com.irichie.apples.user.UserController   : Imoh account creation failed. Bad request
2022-02-10 15:52:51.610 ERROR 18456 --- [http-nio-8080-exec-8] com.irichie.apples.user.UserController   : Invalid password
2022-02-10 15:52:51.611 ERROR 18456 --- [http-nio-8080-exec-8] com.irichie.apples.user.UserController   : Imoh account creation failed. Bad request
2022-02-10 19:12:34.220  INFO 18456 --- [SpringApplicationShutdownHook] j.LocalContainerEntityManagerFactoryBean : Closing JPA EntityManagerFactory for persistence unit 'default'
2022-02-10 19:12:38.199  INFO 18456 --- [SpringApplicationShutdownHook] com.zaxxer.hikari.HikariDataSource       : HikariPool-1 - Shutdown initiated...
2022-02-10 19:12:38.928  INFO 18456 --- [SpringApplicationShutdownHook] com.zaxxer.hikari.HikariDataSource       : HikariPool-1 - Shutdown completed.
2022-02-10 19:15:19.332  INFO 20960 --- [main] c.irichie.apples.ApplesApplicationTests  : Starting ApplesApplicationTests using Java 17 on RICHIE-PC with PID 20960 (started by oboti in C:\Users\oboti\documents\it\irichie\baby-steps\java-ee\apples)
2022-02-10 19:15:19.336  INFO 20960 --- [main] c.irichie.apples.ApplesApplicationTests  : No active profile set, falling back to default profiles: default
2022-02-10 19:15:21.841  INFO 20960 --- [main] .s.d.r.c.RepositoryConfigurationDelegate : Bootstrapping Spring Data JPA repositories in DEFAULT mode.
2022-02-10 19:15:22.106  INFO 20960 --- [main] .s.d.r.c.RepositoryConfigurationDelegate : Finished Spring Data repository scanning in 211 ms. Found 4 JPA repository interfaces.
2022-02-10 19:15:24.064  INFO 20960 --- [main] o.hibernate.jpa.internal.util.LogHelper  : HHH000204: Processing PersistenceUnitInfo [name: default]
2022-02-10 19:15:24.306  INFO 20960 --- [main] org.hibernate.Version                    : HHH000412: Hibernate ORM core version 5.4.33
2022-02-10 19:15:24.754  INFO 20960 --- [main] o.hibernate.annotations.common.Version   : HCANN000001: Hibernate Commons Annotations {5.1.2.Final}
2022-02-10 19:15:25.268  INFO 20960 --- [main] com.zaxxer.hikari.HikariDataSource       : HikariPool-1 - Starting...
2022-02-10 19:15:25.720  INFO 20960 --- [main] com.zaxxer.hikari.HikariDataSource       : HikariPool-1 - Start completed.
2022-02-10 19:15:25.829  INFO 20960 --- [main] org.hibernate.dialect.Dialect            : HHH000400: Using dialect: org.hibernate.dialect.H2Dialect
2022-02-10 19:15:27.627  INFO 20960 --- [main] o.h.e.t.j.p.i.JtaPlatformInitiator       : HHH000490: Using JtaPlatform implementation: [org.hibernate.engine.transaction.jta.platform.internal.NoJtaPlatform]
2022-02-10 19:15:27.650  INFO 20960 --- [main] j.LocalContainerEntityManagerFactoryBean : Initialized JPA EntityManagerFactory for persistence unit 'default'
2022-02-10 19:15:29.075  WARN 20960 --- [main] JpaBaseConfiguration$JpaWebConfiguration : spring.jpa.open-in-view is enabled by default. Therefore, database queries may be performed during view rendering. Explicitly configure spring.jpa.open-in-view to disable this warning
2022-02-10 19:15:30.891  INFO 20960 --- [main] o.s.s.web.DefaultSecurityFilterChain     : Will secure any request with [org.springframework.security.web.context.request.async.WebAsyncManagerIntegrationFilter@229d508c, org.springframework.security.web.context.SecurityContextPersistenceFilter@5a654e05, org.springframework.security.web.header.HeaderWriterFilter@2cbc2db2, org.springframework.web.filter.CorsFilter@5e83298e, org.springframework.security.web.authentication.logout.LogoutFilter@f98cff, com.irichie.apples.security.JWTAuthenticationFilter@7167d81b, com.irichie.apples.security.JWTAuthenticationVerificationFilter@7cadf3ca, org.springframework.security.web.savedrequest.RequestCacheAwareFilter@23dc70c1, org.springframework.security.web.servletapi.SecurityContextHolderAwareRequestFilter@5c459194, org.springframework.security.web.authentication.AnonymousAuthenticationFilter@34fcc5e3, org.springframework.security.web.session.SessionManagementFilter@61e0f9b9, org.springframework.security.web.access.ExceptionTranslationFilter@464d60fb, org.springframework.security.web.access.intercept.FilterSecurityInterceptor@11cdf948]
2022-02-10 19:15:32.105  INFO 20960 --- [main] c.irichie.apples.ApplesApplicationTests  : Started ApplesApplicationTests in 13.87 seconds (JVM running for 17.112)
2022-02-10 19:15:32.872  INFO 20960 --- [SpringApplicationShutdownHook] j.LocalContainerEntityManagerFactoryBean : Closing JPA EntityManagerFactory for persistence unit 'default'
2022-02-10 19:15:32.904  INFO 20960 --- [SpringApplicationShutdownHook] com.zaxxer.hikari.HikariDataSource       : HikariPool-1 - Shutdown initiated...
2022-02-10 19:15:32.926  INFO 20960 --- [SpringApplicationShutdownHook] com.zaxxer.hikari.HikariDataSource       : HikariPool-1 - Shutdown completed.
2022-02-10 19:38:31.115  INFO 25072 --- [main] c.irichie.apples.ApplesApplicationTests  : Starting ApplesApplicationTests using Java 17 on RICHIE-PC with PID 25072 (started by oboti in C:\Users\oboti\documents\it\irichie\baby-steps\java-ee\apples)
2022-02-10 19:38:31.134  INFO 25072 --- [main] c.irichie.apples.ApplesApplicationTests  : No active profile set, falling back to default profiles: default
2022-02-10 19:38:34.653  INFO 25072 --- [main] .s.d.r.c.RepositoryConfigurationDelegate : Bootstrapping Spring Data JPA repositories in DEFAULT mode.
2022-02-10 19:38:34.882  INFO 25072 --- [main] .s.d.r.c.RepositoryConfigurationDelegate : Finished Spring Data repository scanning in 199 ms. Found 4 JPA repository interfaces.
2022-02-10 19:38:37.070  INFO 25072 --- [main] o.hibernate.jpa.internal.util.LogHelper  : HHH000204: Processing PersistenceUnitInfo [name: default]
2022-02-10 19:38:37.303  INFO 25072 --- [main] org.hibernate.Version                    : HHH000412: Hibernate ORM core version 5.4.33
2022-02-10 19:38:37.941  INFO 25072 --- [main] o.hibernate.annotations.common.Version   : HCANN000001: Hibernate Commons Annotations {5.1.2.Final}
2022-02-10 19:38:38.715  INFO 25072 --- [main] com.zaxxer.hikari.HikariDataSource       : HikariPool-1 - Starting...
2022-02-10 19:38:40.247  INFO 25072 --- [main] com.zaxxer.hikari.HikariDataSource       : HikariPool-1 - Start completed.
2022-02-10 19:38:40.421  INFO 25072 --- [main] org.hibernate.dialect.Dialect            : HHH000400: Using dialect: org.hibernate.dialect.H2Dialect
2022-02-10 19:38:44.712  INFO 25072 --- [main] o.h.e.t.j.p.i.JtaPlatformInitiator       : HHH000490: Using JtaPlatform implementation: [org.hibernate.engine.transaction.jta.platform.internal.NoJtaPlatform]
2022-02-10 19:38:44.734  INFO 25072 --- [main] j.LocalContainerEntityManagerFactoryBean : Initialized JPA EntityManagerFactory for persistence unit 'default'
2022-02-10 19:38:46.284  WARN 25072 --- [main] JpaBaseConfiguration$JpaWebConfiguration : spring.jpa.open-in-view is enabled by default. Therefore, database queries may be performed during view rendering. Explicitly configure spring.jpa.open-in-view to disable this warning
2022-02-10 19:38:49.121  INFO 25072 --- [main] o.s.s.web.DefaultSecurityFilterChain     : Will secure any request with [org.springframework.security.web.context.request.async.WebAsyncManagerIntegrationFilter@3c9cfcde, org.springframework.security.web.context.SecurityContextPersistenceFilter@6296e4bf, org.springframework.security.web.header.HeaderWriterFilter@3cae4518, org.springframework.web.filter.CorsFilter@2f3c7b24, org.springframework.security.web.authentication.logout.LogoutFilter@1d33e72e, com.irichie.apples.security.JWTAuthenticationFilter@7dbd70fd, com.irichie.apples.security.JWTAuthenticationVerificationFilter@2cb53bfc, org.springframework.security.web.savedrequest.RequestCacheAwareFilter@4d3990a5, org.springframework.security.web.servletapi.SecurityContextHolderAwareRequestFilter@1842dc39, org.springframework.security.web.authentication.AnonymousAuthenticationFilter@779448b8, org.springframework.security.web.session.SessionManagementFilter@6d946eee, org.springframework.security.web.access.ExceptionTranslationFilter@2cbc2db2, org.springframework.security.web.access.intercept.FilterSecurityInterceptor@10d97b64]
2022-02-10 19:38:50.588  INFO 25072 --- [main] c.irichie.apples.ApplesApplicationTests  : Started ApplesApplicationTests in 20.638 seconds (JVM running for 26.849)
2022-02-10 19:38:51.803  INFO 25072 --- [SpringApplicationShutdownHook] j.LocalContainerEntityManagerFactoryBean : Closing JPA EntityManagerFactory for persistence unit 'default'
2022-02-10 19:38:51.810  INFO 25072 --- [SpringApplicationShutdownHook] com.zaxxer.hikari.HikariDataSource       : HikariPool-1 - Shutdown initiated...
2022-02-10 19:38:51.823  INFO 25072 --- [SpringApplicationShutdownHook] com.zaxxer.hikari.HikariDataSource       : HikariPool-1 - Shutdown completed.
2022-02-10 21:16:58.497  INFO 17344 --- [main] com.irichie.apples.ApplesApplication     : Starting ApplesApplication using Java 17 on RICHIE-PC with PID 17344 (C:\Users\oboti\Documents\IT\iRichie\Baby-Steps\java-ee\apples\target\classes started by oboti in C:\Users\oboti\Documents\IT\iRichie\Baby-Steps\java-ee\apples)
2022-02-10 21:16:58.566  INFO 17344 --- [main] com.irichie.apples.ApplesApplication     : No active profile set, falling back to default profiles: default
2022-02-10 21:17:03.676  INFO 17344 --- [main] .s.d.r.c.RepositoryConfigurationDelegate : Bootstrapping Spring Data JPA repositories in DEFAULT mode.
2022-02-10 21:17:04.262  INFO 17344 --- [main] .s.d.r.c.RepositoryConfigurationDelegate : Finished Spring Data repository scanning in 492 ms. Found 4 JPA repository interfaces.
2022-02-10 21:17:06.933  INFO 17344 --- [main] o.s.b.w.embedded.tomcat.TomcatWebServer  : Tomcat initialized with port(s): 8080 (http)
2022-02-10 21:17:06.976  INFO 17344 --- [main] o.apache.catalina.core.StandardService   : Starting service [Tomcat]
2022-02-10 21:17:06.977  INFO 17344 --- [main] org.apache.catalina.core.StandardEngine  : Starting Servlet engine: [Apache Tomcat/9.0.56]
2022-02-10 21:17:07.434  INFO 17344 --- [main] o.a.c.c.C.[Tomcat].[localhost].[/]       : Initializing Spring embedded WebApplicationContext
2022-02-10 21:17:07.437  INFO 17344 --- [main] w.s.c.ServletWebServerApplicationContext : Root WebApplicationContext: initialization completed in 8186 ms
2022-02-10 21:17:08.329  INFO 17344 --- [main] o.hibernate.jpa.internal.util.LogHelper  : HHH000204: Processing PersistenceUnitInfo [name: default]
2022-02-10 21:17:08.580  INFO 17344 --- [main] org.hibernate.Version                    : HHH000412: Hibernate ORM core version 5.4.33
2022-02-10 21:17:08.984  INFO 17344 --- [main] o.hibernate.annotations.common.Version   : HCANN000001: Hibernate Commons Annotations {5.1.2.Final}
2022-02-10 21:17:09.276  INFO 17344 --- [main] com.zaxxer.hikari.HikariDataSource       : HikariPool-1 - Starting...
2022-02-10 21:17:09.791  INFO 17344 --- [main] com.zaxxer.hikari.HikariDataSource       : HikariPool-1 - Start completed.
2022-02-10 21:17:09.856  INFO 17344 --- [main] org.hibernate.dialect.Dialect            : HHH000400: Using dialect: org.hibernate.dialect.H2Dialect
2022-02-10 21:17:11.522  INFO 17344 --- [main] o.h.e.t.j.p.i.JtaPlatformInitiator       : HHH000490: Using JtaPlatform implementation: [org.hibernate.engine.transaction.jta.platform.internal.NoJtaPlatform]
2022-02-10 21:17:11.540  INFO 17344 --- [main] j.LocalContainerEntityManagerFactoryBean : Initialized JPA EntityManagerFactory for persistence unit 'default'
2022-02-10 21:17:12.796  WARN 17344 --- [main] JpaBaseConfiguration$JpaWebConfiguration : spring.jpa.open-in-view is enabled by default. Therefore, database queries may be performed during view rendering. Explicitly configure spring.jpa.open-in-view to disable this warning
2022-02-10 21:17:14.154  INFO 17344 --- [main] o.s.s.web.DefaultSecurityFilterChain     : Will secure any request with [org.springframework.security.web.context.request.async.WebAsyncManagerIntegrationFilter@50d4775b, org.springframework.security.web.context.SecurityContextPersistenceFilter@70e54ec3, org.springframework.security.web.header.HeaderWriterFilter@5f32ab17, org.springframework.web.filter.CorsFilter@642614b7, org.springframework.security.web.authentication.logout.LogoutFilter@126d8659, com.irichie.apples.security.JWTAuthenticationFilter@345540f9, com.irichie.apples.security.JWTAuthenticationVerificationFilter@37344d31, org.springframework.security.web.savedrequest.RequestCacheAwareFilter@64b8eb96, org.springframework.security.web.servletapi.SecurityContextHolderAwareRequestFilter@789d8fd6, org.springframework.security.web.authentication.AnonymousAuthenticationFilter@44a98a23, org.springframework.security.web.session.SessionManagementFilter@42734b71, org.springframework.security.web.access.ExceptionTranslationFilter@52b891de, org.springframework.security.web.access.intercept.FilterSecurityInterceptor@4088702d]
2022-02-10 21:17:15.746  INFO 17344 --- [main] o.s.b.w.embedded.tomcat.TomcatWebServer  : Tomcat started on port(s): 8080 (http) with context path ''
2022-02-10 21:17:15.845  INFO 17344 --- [main] com.irichie.apples.ApplesApplication     : Started ApplesApplication in 22.078 seconds (JVM running for 26.908)
2022-02-10 21:18:37.658  INFO 17344 --- [http-nio-8080-exec-1] o.a.c.c.C.[Tomcat].[localhost].[/]       : Initializing Spring DispatcherServlet 'dispatcherServlet'
2022-02-10 21:18:37.659  INFO 17344 --- [http-nio-8080-exec-1] o.s.web.servlet.DispatcherServlet        : Initializing Servlet 'dispatcherServlet'
2022-02-10 21:18:37.660  INFO 17344 --- [http-nio-8080-exec-1] o.s.web.servlet.DispatcherServlet        : Completed initialization in 1 ms
2022-02-10 21:21:36.543  INFO 17344 --- [SpringApplicationShutdownHook] j.LocalContainerEntityManagerFactoryBean : Closing JPA EntityManagerFactory for persistence unit 'default'
2022-02-10 21:21:36.581  INFO 17344 --- [SpringApplicationShutdownHook] com.zaxxer.hikari.HikariDataSource       : HikariPool-1 - Shutdown initiated...
2022-02-10 21:21:36.784  INFO 17344 --- [SpringApplicationShutdownHook] com.zaxxer.hikari.HikariDataSource       : HikariPool-1 - Shutdown completed.
